<?xml version="1.0" encoding="UTF-8"?>
<!-- Generated by org.testng.reporters.JUnitReportReporter -->
<testsuite skipped="0" hostname="manishamishra" name="TestRunner.TestRunner" tests="1" failures="0" timestamp="2020-10-20T18:43:23 IST" time="113.231" errors="0">
  <testcase name="runScenario" time="113.231" classname="TestRunner.TestRunner"/>
  <system-out/>
</testsuite> <!-- TestRunner.TestRunner -->
